Arguments: 
  C:\Program Files\nodejs\node.exe C:\Users\dhira\AppData\Roaming\npm\node_modules\yarn\bin\yarn.js

PATH: 
  C:\WINDOWS\system32;C:\WINDOWS;C:\WINDOWS\System32\Wbem;C:\WINDOWS\System32\WindowsPowerShell\v1.0\;C:\WINDOWS\System32\OpenSSH\;C:\Program Files\nodejs\;C:\MinGW\bin;C:\Program Files\Git\cmd;C:\Users\dhira\.cargo\bin;C:\Users\dhira\AppData\Local\Programs\Python\Python311\Scripts\;C:\Users\dhira\AppData\Local\Programs\Python\Python311\;C:\Users\dhira\AppData\Local\Microsoft\WindowsApps;C:\Users\dhira\AppData\Roaming\npm;C:\Users\dhira\AppData\Local\Programs\Microsoft VS Code\bin;C:\Users\dhira\AppData\Local\GitHubDesktop\bin;C:\Users\dhira\AppData\Local\Yarn\bin;;C:\Users\dhira\AppData\Roaming\Flow

Yarn version: 
  1.22.19

Node version: 
  18.13.0

Platform: 
  win32 x64

Trace: 
  Error: connect ETIMEDOUT 2405:200:1607:2820:41::36:443
      at TCPConnectWrap.afterConnect [as oncomplete] (node:net:1487:16)

npm manifest: 
  {
    "name": "client",
    "version": "0.1.0",
    "private": true,
    "dependencies": {
      "@truffle/hdwallet-provider": "^2.0.3",
      "bl": "^5.0.0",
      "bootstrap": "^5.0.2",
      "dotenv": "^16.0.3",
      "ipfs-api": "^26.1.2",
      "ipfs-http-client": "^60.0.0",
      "react": "16.11.0",
      "react-dom": "16.11.0",
      "react-meta-tags": "^1.0.1",
      "react-router-dom": "^6.0.2",
      "react-scripts": "^4.0.3",
      "react-table": "^7.7.0",
      "web3": "1.2.2"
    },
    "scripts": {
      "start": "react-scripts --openssl-legacy-provider start",
      "build": "react-scripts --openssl-legacy-provider build",
      "test": "react-scripts --openssl-legacy-provider test",
      "eject": "react-scripts --openssl-legacy-provider eject"
    },
    "eslintConfig": {
      "extends": "react-app"
    },
    "browserslist": {
      "production": [
        ">0.2%",
        "not dead",
        "not op_mini all"
      ],
      "development": [
        "last 1 chrome version",
        "last 1 firefox version",
        "last 1 safari version"
      ]
    },
    "devDependencies": {
      "@babel/plugin-proposal-optional-chaining": "^7.14.5"
    }
  }

yarn manifest: 
  No manifest

Lockfile: 
  No lockfile
